d:\code\src\videozoom\x64\debug\vc140.pdb
d:\code\src\videozoom\x64\debug\videozoom.obj
d:\code\src\videozoom\x64\debug\main.obj
d:\code\src\videozoom\x64\debug\moc_videozoom.obj
d:\code\src\videozoom\x64\debug\qrc_videozoom.obj
d:\code\src\videozoom\generatedfiles\debug\moc_videozoom.cpp
d:\code\src\videozoom\generatedfiles\ui_videozoom.h
d:\code\src\videozoom\generatedfiles\qrc_videozoom.cpp
d:\code\bin\videozoom.ilk
d:\code\bin\videozoom.exe
d:\code\bin\videozoom.pdb
d:\code\src\videozoom\../../bin\videozoom.exe
d:\code\src\videozoom\x64\debug\videozoom.tlog\cl.command.1.tlog
d:\code\src\videozoom\x64\debug\videozoom.tlog\cl.read.1.tlog
d:\code\src\videozoom\x64\debug\videozoom.tlog\cl.write.1.tlog
d:\code\src\videozoom\x64\debug\videozoom.tlog\custombuild.command.1.tlog
d:\code\src\videozoom\x64\debug\videozoom.tlog\custombuild.read.1.tlog
d:\code\src\videozoom\x64\debug\videozoom.tlog\custombuild.write.1.tlog
d:\code\src\videozoom\x64\debug\videozoom.tlog\link.command.1.tlog
d:\code\src\videozoom\x64\debug\videozoom.tlog\link.read.1.tlog
d:\code\src\videozoom\x64\debug\videozoom.tlog\link.write.1.tlog
